<?xml version="1.0" encoding="UTF-8"?>
<!-- Generated by org.testng.reporters.JUnitReportReporter -->
<testsuite skipped="0" hostname="Saiful-PC" name="DriveFolder.spiceTest" tests="1" failures="0" timestamp="2020-06-29T17:52:38 EDT" time="62.286" errors="0">
  <testcase name="spicerun" time="62.286" classname="DriveFolder.spiceTest"/>
  <system-out/>
</testsuite> <!-- DriveFolder.spiceTest -->
